<html>
<head>
<title>TestNG:  Test</title>
<link href="../testng.css" rel="stylesheet" type="text/css" />
<link href="../my-testng.css" rel="stylesheet" type="text/css" />

<style type="text/css">
.log { display: none;} 
.stack-trace { display: none;} 
</style>
<script type="text/javascript">
<!--
function flip(e) {
  current = e.style.display;
  if (current == 'block') {
    e.style.display = 'none';
    return 0;
  }
  else {
    e.style.display = 'block';
    return 1;
  }
}

function toggleBox(szDivId, elem, msg1, msg2)
{
  var res = -1;  if (document.getElementById) {
    res = flip(document.getElementById(szDivId));
  }
  else if (document.all) {
    // this is the way old msie versions work
    res = flip(document.all[szDivId]);
  }
  if(elem) {
    if(res == 0) elem.innerHTML = msg1; else elem.innerHTML = msg2;
  }

}

function toggleAllBoxes() {
  if (document.getElementsByTagName) {
    d = document.getElementsByTagName('div');
    for (i = 0; i < d.length; i++) {
      if (d[i].className == 'log') {
        flip(d[i]);
      }
    }
  }
}

// -->
</script>

</head>
<body>
<h2 align='center'>Test</h2><table border='1' align="center">
<tr>
<td>Tests passed/Failed/Skipped:</td><td>13/1/0</td>
</tr><tr>
<td>Started on:</td><td>Fri Jan 27 18:10:04 IST 2023</td>
</tr>
<tr><td>Total time:</td><td>219 seconds (219247 ms)</td>
</tr><tr>
<td>Included groups:</td><td></td>
</tr><tr>
<td>Excluded groups:</td><td></td>
</tr>
</table><p/>
<small><i>(Hover the method name to see the test class name)</i></small><p/>
<table width='100%' border='1' class='invocation-failed'>
<tr><td colspan='4' align='center'><b>FAILED TESTS</b></td></tr>
<tr><td><b>Test method</b></td>
<td><b>Attribute(s)</b></td>
<td width="30%"><b>Exception</b></td>
<td width="10%"><b>Time (seconds)</b></td>
<td><b>Instance</b></td>
</tr>
<tr>
<td title='Test.LocationPageTest.paginationTest()'><b>paginationTest</b><br>Test class: Test.LocationPageTest</td>
<td><div><pre>org.openqa.selenium.ElementClickInterceptedException: element click intercepted: Element &lt;button class=&quot;ant-pagination-item-link&quot; type=&quot;button&quot; tabindex=&quot;-1&quot;&gt;...&lt;/button&gt; is not clickable at point (1315, 596). Other element would receive the click: &lt;div class=&quot;ant-spin-container&quot;&gt;...&lt;/div&gt;
  (Session info: chrome=109.0.5414.120)
Build info: version: &apos;4.4.0&apos;, revision: &apos;e5c75ed026a&apos;
System info: host: &apos;DESKTOP-91HRFE0&apos;, ip: &apos;20.0.6.40&apos;, os.name: &apos;Windows 10&apos;, os.arch: &apos;amd64&apos;, os.version: &apos;10.0&apos;, java.version: &apos;17.0.5&apos;
Driver info: org.openqa.selenium.chrome.ChromeDriver
Command: [a0ab26c3e7c803723a624bd5b09aec0e, clickElement {id=b4acc9aa-d7a7-4a34-a2a8-f4717f0cbb0a}]
Capabilities {acceptInsecureCerts: false, browserName: chrome, browserVersion: 109.0.5414.120, chrome: {chromedriverVersion: 109.0.5414.74 (e7c5703604da..., userDataDir: C:\Users\BRIGOS~1\AppData\L...}, goog:chromeOptions: {debuggerAddress: localhost:55798}, networkConnectionEnabled: false, pageLoadStrategy: normal, platformName: WINDOWS, proxy: Proxy(), se:cdp: ws://localhost:55798/devtoo..., se:cdpVersion: 109.0.5414.120, setWindowRect: true, strictFileInteractability: false, timeouts: {implicit: 0, pageLoad: 300000, script: 30000}, unhandledPromptBehavior: dismiss and notify, webauthn:extension:credBlob: true, webauthn:extension:largeBlob: true, webauthn:virtualAuthenticators: true}
Element: [[ChromeDriver: chrome on WINDOWS (a0ab26c3e7c803723a624bd5b09aec0e)] -&gt; xpath: (//button[@class=&apos;ant-pagination-item-link&apos;])[2]]
Session ID: a0ab26c3e7c803723a624bd5b09aec0e
	at org.openqa.selenium.remote.codec.w3c.W3CHttpResponseCodec.createException(W3CHttpResponseCodec.java:200)
	at org.openqa.selenium.remote.codec.w3c.W3CHttpResponseCodec.decode(W3CHttpResponseCodec.java:133)
	at org.openqa.selenium.remote.codec.w3c.W3CHttpResponseCodec.decode(W3CHttpResponseCodec.java:53)
	at org.openqa.selenium.remote.HttpCommandExecutor.execute(HttpCommandExecutor.java:184)
	at org.openqa.selenium.remote.service.DriverCommandExecutor.invokeExecute(DriverCommandExecutor.java:167)
	at org.openqa.selenium.remote.service.DriverCommandExecutor.execute(DriverCommandExecutor.java:142)
	at org.openqa.selenium.remote.RemoteWebDriver.execute(RemoteWebDriver.java:547)
	at org.openqa.selenium.remote.RemoteWebElement.execute(RemoteWebElement.java:257)
	at org.openqa.selenium.remote.RemoteWebElement.click(RemoteWebElement.java:78)
	at PageOrder.LocationPage.Nextpagination(LocationPage.java:121)
	at Test.LocationPageTest.paginationTest(LocationPageTest.java:32)
	at java.base/java.util.ArrayList.forEach(ArrayList.java:1511)
... Removed 32 stack frames</pre></div><a href='#' onClick='toggleBox("stack-trace1431244283", this, "Click to show all stack frames", "Click to hide stack frames")'>Click to show all stack frames</a>
<div class='stack-trace' id='stack-trace1431244283'><pre>org.openqa.selenium.ElementClickInterceptedException: element click intercepted: Element &lt;button class=&quot;ant-pagination-item-link&quot; type=&quot;button&quot; tabindex=&quot;-1&quot;&gt;...&lt;/button&gt; is not clickable at point (1315, 596). Other element would receive the click: &lt;div class=&quot;ant-spin-container&quot;&gt;...&lt;/div&gt;
  (Session info: chrome=109.0.5414.120)
Build info: version: &apos;4.4.0&apos;, revision: &apos;e5c75ed026a&apos;
System info: host: &apos;DESKTOP-91HRFE0&apos;, ip: &apos;20.0.6.40&apos;, os.name: &apos;Windows 10&apos;, os.arch: &apos;amd64&apos;, os.version: &apos;10.0&apos;, java.version: &apos;17.0.5&apos;
Driver info: org.openqa.selenium.chrome.ChromeDriver
Command: [a0ab26c3e7c803723a624bd5b09aec0e, clickElement {id=b4acc9aa-d7a7-4a34-a2a8-f4717f0cbb0a}]
Capabilities {acceptInsecureCerts: false, browserName: chrome, browserVersion: 109.0.5414.120, chrome: {chromedriverVersion: 109.0.5414.74 (e7c5703604da..., userDataDir: C:\Users\BRIGOS~1\AppData\L...}, goog:chromeOptions: {debuggerAddress: localhost:55798}, networkConnectionEnabled: false, pageLoadStrategy: normal, platformName: WINDOWS, proxy: Proxy(), se:cdp: ws://localhost:55798/devtoo..., se:cdpVersion: 109.0.5414.120, setWindowRect: true, strictFileInteractability: false, timeouts: {implicit: 0, pageLoad: 300000, script: 30000}, unhandledPromptBehavior: dismiss and notify, webauthn:extension:credBlob: true, webauthn:extension:largeBlob: true, webauthn:virtualAuthenticators: true}
Element: [[ChromeDriver: chrome on WINDOWS (a0ab26c3e7c803723a624bd5b09aec0e)] -&gt; xpath: (//button[@class=&apos;ant-pagination-item-link&apos;])[2]]
Session ID: a0ab26c3e7c803723a624bd5b09aec0e
	at java.base/jdk.internal.reflect.NativeConstructorAccessorImpl.newInstance0(Native Method)
	at java.base/jdk.internal.reflect.NativeConstructorAccessorImpl.newInstance(NativeConstructorAccessorImpl.java:77)
	at java.base/jdk.internal.reflect.DelegatingConstructorAccessorImpl.newInstance(DelegatingConstructorAccessorImpl.java:45)
	at java.base/java.lang.reflect.Constructor.newInstanceWithCaller(Constructor.java:499)
	at java.base/java.lang.reflect.Constructor.newInstance(Constructor.java:480)
	at org.openqa.selenium.remote.codec.w3c.W3CHttpResponseCodec.createException(W3CHttpResponseCodec.java:200)
	at org.openqa.selenium.remote.codec.w3c.W3CHttpResponseCodec.decode(W3CHttpResponseCodec.java:133)
	at org.openqa.selenium.remote.codec.w3c.W3CHttpResponseCodec.decode(W3CHttpResponseCodec.java:53)
	at org.openqa.selenium.remote.HttpCommandExecutor.execute(HttpCommandExecutor.java:184)
	at org.openqa.selenium.remote.service.DriverCommandExecutor.invokeExecute(DriverCommandExecutor.java:167)
	at org.openqa.selenium.remote.service.DriverCommandExecutor.execute(DriverCommandExecutor.java:142)
	at org.openqa.selenium.remote.RemoteWebDriver.execute(RemoteWebDriver.java:547)
	at org.openqa.selenium.remote.RemoteWebElement.execute(RemoteWebElement.java:257)
	at org.openqa.selenium.remote.RemoteWebElement.click(RemoteWebElement.java:78)
	at PageOrder.LocationPage.Nextpagination(LocationPage.java:121)
	at Test.LocationPageTest.paginationTest(LocationPageTest.java:32)
	at java.base/jdk.internal.reflect.NativeMethodAccessorImpl.invoke0(Native Method)
	at java.base/jdk.internal.reflect.NativeMethodAccessorImpl.invoke(NativeMethodAccessorImpl.java:77)
	at java.base/jdk.internal.reflect.DelegatingMethodAccessorImpl.invoke(DelegatingMethodAccessorImpl.java:43)
	at java.base/java.lang.reflect.Method.invoke(Method.java:568)
	at org.testng.internal.invokers.MethodInvocationHelper.invokeMethod(MethodInvocationHelper.java:139)
	at org.testng.internal.invokers.TestInvoker.invokeMethod(TestInvoker.java:677)
	at org.testng.internal.invokers.TestInvoker.invokeTestMethod(TestInvoker.java:221)
	at org.testng.internal.invokers.MethodRunner.runInSequence(MethodRunner.java:50)
	at org.testng.internal.invokers.TestInvoker$MethodInvocationAgent.invoke(TestInvoker.java:962)
	at org.testng.internal.invokers.TestInvoker.invokeTestMethods(TestInvoker.java:194)
	at org.testng.internal.invokers.TestMethodWorker.invokeTestMethods(TestMethodWorker.java:148)
	at org.testng.internal.invokers.TestMethodWorker.run(TestMethodWorker.java:128)
	at java.base/java.util.ArrayList.forEach(ArrayList.java:1511)
	at org.testng.TestRunner.privateRun(TestRunner.java:806)
	at org.testng.TestRunner.run(TestRunner.java:601)
	at org.testng.SuiteRunner.runTest(SuiteRunner.java:433)
	at org.testng.SuiteRunner.runSequentially(SuiteRunner.java:427)
	at org.testng.SuiteRunner.privateRun(SuiteRunner.java:387)
	at org.testng.SuiteRunner.run(SuiteRunner.java:330)
	at org.testng.SuiteRunnerWorker.runSuite(SuiteRunnerWorker.java:52)
	at org.testng.SuiteRunnerWorker.run(SuiteRunnerWorker.java:95)
	at org.testng.TestNG.runSuitesSequentially(TestNG.java:1256)
	at org.testng.TestNG.runSuitesLocally(TestNG.java:1176)
	at org.testng.TestNG.runSuites(TestNG.java:1099)
	at org.testng.TestNG.run(TestNG.java:1067)
	at org.testng.remote.AbstractRemoteTestNG.run(AbstractRemoteTestNG.java:115)
	at org.testng.remote.RemoteTestNG.initAndRun(RemoteTestNG.java:251)
	at org.testng.remote.RemoteTestNG.main(RemoteTestNG.java:77)
</pre></div></td>
<td>2</td>
<td>Test.LocationPageTest@3754a4bf</td></tr>
</table><p>
<table width='100%' border='1' class='invocation-passed'>
<tr><td colspan='4' align='center'><b>PASSED TESTS</b></td></tr>
<tr><td><b>Test method</b></td>
<td><b>Attribute(s)</b></td>
<td width="30%"><b>Exception</b></td>
<td width="10%"><b>Time (seconds)</b></td>
<td><b>Instance</b></td>
</tr>
<tr>
<td title='Test.EventsPageTest.EventsEdit()'><b>EventsEdit</b><br>Test class: Test.EventsPageTest</td>
<td></td>
<td>11</td>
<td>Test.EventsPageTest@5e0e82ae</td></tr>
<tr>
<td title='Test.EventsPageTest.PaginationTest()'><b>PaginationTest</b><br>Test class: Test.EventsPageTest</td>
<td></td>
<td>15</td>
<td>Test.EventsPageTest@5e0e82ae</td></tr>
<tr>
<td title='Test.EventsPageTest.EventsAdd()'><b>EventsAdd</b><br>Test class: Test.EventsPageTest</td>
<td></td>
<td>64</td>
<td>Test.EventsPageTest@5e0e82ae</td></tr>
<tr>
<td title='Test.EMagazinePageTest.editingMagazine()'><b>editingMagazine</b><br>Test class: Test.EMagazinePageTest</td>
<td></td>
<td>13</td>
<td>Test.EMagazinePageTest@62379589</td></tr>
<tr>
<td title='Test.EMagazinePageTest.deleteMagazine()'><b>deleteMagazine</b><br>Test class: Test.EMagazinePageTest</td>
<td></td>
<td>6</td>
<td>Test.EMagazinePageTest@62379589</td></tr>
<tr>
<td title='Test.EMagazinePageTest.paginationTest()'><b>paginationTest</b><br>Test class: Test.EMagazinePageTest</td>
<td></td>
<td>5</td>
<td>Test.EMagazinePageTest@62379589</td></tr>
<tr>
<td title='Test.EMagazinePageTest.enteringMagazinePage()'><b>enteringMagazinePage</b><br>Test class: Test.EMagazinePageTest</td>
<td></td>
<td>3</td>
<td>Test.EMagazinePageTest@62379589</td></tr>
<tr>
<td title='Test.EventsPageTest.displayLogo()'><b>displayLogo</b><br>Test class: Test.EventsPageTest</td>
<td></td>
<td>0</td>
<td>Test.EventsPageTest@5e0e82ae</td></tr>
<tr>
<td title='Test.LocationPageTest.Editloc()'><b>Editloc</b><br>Test class: Test.LocationPageTest</td>
<td></td>
<td>18</td>
<td>Test.LocationPageTest@3754a4bf</td></tr>
<tr>
<td title='Test.EMagazinePageTest.addingMagazine()'><b>addingMagazine</b><br>Test class: Test.EMagazinePageTest</td>
<td></td>
<td>50</td>
<td>Test.EMagazinePageTest@62379589</td></tr>
<tr>
<td title='Test.LocationPageTest.deleteLoc()'><b>deleteLoc</b><br>Test class: Test.LocationPageTest</td>
<td></td>
<td>3</td>
<td>Test.LocationPageTest@3754a4bf</td></tr>
<tr>
<td title='Test.LocationPageTest.enteringLoc()'><b>enteringLoc</b><br>Test class: Test.LocationPageTest</td>
<td></td>
<td>19</td>
<td>Test.LocationPageTest@3754a4bf</td></tr>
<tr>
<td title='Test.EventsPageTest.EventsDelete()'><b>EventsDelete</b><br>Test class: Test.EventsPageTest</td>
<td></td>
<td>5</td>
<td>Test.EventsPageTest@5e0e82ae</td></tr>
</table><p>
</body>
</html>