<?xml version="1.0" encoding="UTF-8"?>
<!-- Generated by org.testng.reporters.JUnitXMLReporter -->
<testsuite ignored="2" hostname="DESKTOP-91HRFE0" failures="1" tests="14" name="Test" time="219.247" errors="0" timestamp="2023-01-27T18:13:44 IST">
  <testcase classname="Test.EventsPageTest" name="displayLogo" time="0.126"/>
  <testcase classname="Test.EventsPageTest" name="EventsAdd" time="64.142"/>
  <testcase classname="Test.EventsPageTest" name="EventsEdit" time="11.831"/>
  <testcase classname="Test.EventsPageTest" name="EventsDelete" time="5.48"/>
  <testcase classname="Test.EventsPageTest" name="PaginationTest" time="15.359"/>
  <testcase classname="Test.EMagazinePageTest" name="enteringMagazinePage" time="3.011"/>
  <testcase classname="Test.EMagazinePageTest" name="addingMagazine" time="50.539"/>
  <testcase classname="Test.EMagazinePageTest" name="editingMagazine" time="13.602"/>
  <testcase classname="Test.EMagazinePageTest" name="deleteMagazine" time="6.275"/>
  <testcase classname="Test.EMagazinePageTest" name="paginationTest" time="5.293"/>
  <testcase classname="Test.LocationPageTest" name="enteringLoc" time="19.118"/>
  <testcase classname="Test.LocationPageTest" name="Editloc" time="18.357"/>
  <testcase classname="Test.LocationPageTest" name="deleteLoc" time="3.288"/>
  <testcase classname="Test.LocationPageTest" name="paginationTest" time="2.438">
    <failure type="org.openqa.selenium.ElementClickInterceptedException" message="element click intercepted: Element &amp;lt;button class=&amp;quot;ant-pagination-item-link&amp;quot; type=&amp;quot;button&amp;quot; tabindex=&amp;quot;-1&amp;quot;&amp;gt;...&amp;lt;/button&amp;gt; is not clickable at point (1315, 596). Other element would receive the click: &amp;lt;div class=&amp;quot;ant-spin-container&amp;quot;&amp;gt;...&amp;lt;/div&amp;gt;
  (Session info: chrome=109.0.5414.120)
Build info: version: &amp;apos;4.4.0&amp;apos;, revision: &amp;apos;e5c75ed026a&amp;apos;
System info: host: &amp;apos;DESKTOP-91HRFE0&amp;apos;, ip: &amp;apos;20.0.6.40&amp;apos;, os.name: &amp;apos;Windows 10&amp;apos;, os.arch: &amp;apos;amd64&amp;apos;, os.version: &amp;apos;10.0&amp;apos;, java.version: &amp;apos;17.0.5&amp;apos;
Driver info: org.openqa.selenium.chrome.ChromeDriver
Command: [a0ab26c3e7c803723a624bd5b09aec0e, clickElement {id=b4acc9aa-d7a7-4a34-a2a8-f4717f0cbb0a}]
Capabilities {acceptInsecureCerts: false, browserName: chrome, browserVersion: 109.0.5414.120, chrome: {chromedriverVersion: 109.0.5414.74 (e7c5703604da..., userDataDir: C:\Users\BRIGOS~1\AppData\L...}, goog:chromeOptions: {debuggerAddress: localhost:55798}, networkConnectionEnabled: false, pageLoadStrategy: normal, platformName: WINDOWS, proxy: Proxy(), se:cdp: ws://localhost:55798/devtoo..., se:cdpVersion: 109.0.5414.120, setWindowRect: true, strictFileInteractability: false, timeouts: {implicit: 0, pageLoad: 300000, script: 30000}, unhandledPromptBehavior: dismiss and notify, webauthn:extension:credBlob: true, webauthn:extension:largeBlob: true, webauthn:virtualAuthenticators: true}
Element: [[ChromeDriver: chrome on WINDOWS (a0ab26c3e7c803723a624bd5b09aec0e)] -&amp;gt; xpath: (//button[@class=&amp;apos;ant-pagination-item-link&amp;apos;])[2]]
Session ID: a0ab26c3e7c803723a624bd5b09aec0e">
      <![CDATA[org.openqa.selenium.ElementClickInterceptedException: element click intercepted: Element <button class="ant-pagination-item-link" type="button" tabindex="-1">...</button> is not clickable at point (1315, 596). Other element would receive the click: <div class="ant-spin-container">...</div>
  (Session info: chrome=109.0.5414.120)
Build info: version: '4.4.0', revision: 'e5c75ed026a'
System info: host: 'DESKTOP-91HRFE0', ip: '20.0.6.40', os.name: 'Windows 10', os.arch: 'amd64', os.version: '10.0', java.version: '17.0.5'
Driver info: org.openqa.selenium.chrome.ChromeDriver
Command: [a0ab26c3e7c803723a624bd5b09aec0e, clickElement {id=b4acc9aa-d7a7-4a34-a2a8-f4717f0cbb0a}]
Capabilities {acceptInsecureCerts: false, browserName: chrome, browserVersion: 109.0.5414.120, chrome: {chromedriverVersion: 109.0.5414.74 (e7c5703604da..., userDataDir: C:\Users\BRIGOS~1\AppData\L...}, goog:chromeOptions: {debuggerAddress: localhost:55798}, networkConnectionEnabled: false, pageLoadStrategy: normal, platformName: WINDOWS, proxy: Proxy(), se:cdp: ws://localhost:55798/devtoo..., se:cdpVersion: 109.0.5414.120, setWindowRect: true, strictFileInteractability: false, timeouts: {implicit: 0, pageLoad: 300000, script: 30000}, unhandledPromptBehavior: dismiss and notify, webauthn:extension:credBlob: true, webauthn:extension:largeBlob: true, webauthn:virtualAuthenticators: true}
Element: [[ChromeDriver: chrome on WINDOWS (a0ab26c3e7c803723a624bd5b09aec0e)] -> xpath: (//button[@class='ant-pagination-item-link'])[2]]
Session ID: a0ab26c3e7c803723a624bd5b09aec0e
at org.openqa.selenium.remote.codec.w3c.W3CHttpResponseCodec.createException(W3CHttpResponseCodec.java:200)
at org.openqa.selenium.remote.codec.w3c.W3CHttpResponseCodec.decode(W3CHttpResponseCodec.java:133)
at org.openqa.selenium.remote.codec.w3c.W3CHttpResponseCodec.decode(W3CHttpResponseCodec.java:53)
at org.openqa.selenium.remote.HttpCommandExecutor.execute(HttpCommandExecutor.java:184)
at org.openqa.selenium.remote.service.DriverCommandExecutor.invokeExecute(DriverCommandExecutor.java:167)
at org.openqa.selenium.remote.service.DriverCommandExecutor.execute(DriverCommandExecutor.java:142)
at org.openqa.selenium.remote.RemoteWebDriver.execute(RemoteWebDriver.java:547)
at org.openqa.selenium.remote.RemoteWebElement.execute(RemoteWebElement.java:257)
at org.openqa.selenium.remote.RemoteWebElement.click(RemoteWebElement.java:78)
at PageOrder.LocationPage.Nextpagination(LocationPage.java:121)
at Test.LocationPageTest.paginationTest(LocationPageTest.java:32)
at java.base/java.util.ArrayList.forEach(ArrayList.java:1511)
... Removed 32 stack frames]]>
    </failure>
  </testcase> <!-- paginationTest -->
  <testcase classname="BaseB.BaseT" name="@BeforeSuite initilization" time="0.0">
    <ignored/>
  </testcase> <!-- @BeforeSuite initilization -->
  <testcase classname="BaseB.BaseT" name="@BeforeSuite initilization" time="0.0">
    <ignored/>
  </testcase> <!-- @BeforeSuite initilization -->
</testsuite> <!-- Test -->
